<?xml version="1.0" encoding="UTF-8"?>
<!-- Generated by org.testng.reporters.JUnitXMLReporter -->
<testsuite ignored="0" hostname="LAPTOP-SI8A3DQF" failures="1" tests="1" name="Class" time="18.652" errors="0" timestamp="2021-03-07T13:38:58 IST">
  <testcase classname="Mission1.AssertVal" name="validationAs" time="0.049">
    <failure type="java.lang.AssertionError" message="expected [VIEW ALL COURSESes] but found [VIEW ALL COURSES]">
      <![CDATA[java.lang.AssertionError: expected [VIEW ALL COURSESes] but found [VIEW ALL COURSES]
at Mission1.AssertVal.validationAs(AssertVal.java:36)
at java.base/java.util.ArrayList.forEach(ArrayList.java:1511)
... Removed 33 stack frames]]>
    </failure>
  </testcase> <!-- validationAs -->
</testsuite> <!-- Class -->
