<?xml version="1.0" encoding="UTF-8"?>
<!-- Generated by org.testng.reporters.JUnitXMLReporter -->
<testsuite ignored="0" hostname="LAPTOP-SI8A3DQF" failures="2" tests="5" name="Test" time="64.878" errors="0" timestamp="2021-03-07T12:38:52 IST">
  <testcase classname="Mission1.NavPanel" name="validationPanel" time="0.05"/>
  <testcase classname="Mission1.BasicNav" name="basepageNav" time="1.377"/>
  <testcase classname="Mission1.BasicNav" name="basepageNav" time="0.985"/>
  <testcase classname="Mission1.AssertVal" name="validationAs" time="0.042">
    <failure type="java.lang.AssertionError" message="expected [VIEW ALL COURSESes] but found [VIEW ALL COURSES]">
      <![CDATA[java.lang.AssertionError: expected [VIEW ALL COURSESes] but found [VIEW ALL COURSES]
at Mission1.AssertVal.validationAs(AssertVal.java:36)
at java.base/java.util.ArrayList.forEach(ArrayList.java:1511)
... Removed 33 stack frames]]>
    </failure>
  </testcase> <!-- validationAs -->
  <testcase classname="Mission1.AssertVal" name="validationAs" time="16.916">
    <failure type="java.lang.NullPointerException" message="Cannot invoke &amp;quot;org.openqa.selenium.TakesScreenshot.getScreenshotAs(org.openqa.selenium.OutputType)&amp;quot; because &amp;quot;ts&amp;quot; is null">
      <![CDATA[java.lang.NullPointerException: Cannot invoke "org.openqa.selenium.TakesScreenshot.getScreenshotAs(org.openqa.selenium.OutputType)" because "ts" is null
at resources.base.Listen(base.java:51)
at Mission1.Listeners.onTestFailure(Listeners.java:39)
at java.base/java.util.ArrayList.forEach(ArrayList.java:1511)
... Removed 24 stack frames]]>
    </failure>
  </testcase> <!-- validationAs -->
</testsuite> <!-- Test -->
