<?xml version="1.0" encoding="UTF-8"?>
<!-- Generated by org.testng.reporters.JUnitXMLReporter -->
<testsuite ignored="0" hostname="LAPTOP-SI8A3DQF" failures="1" tests="1" name="Valid1" time="34.925" errors="0" timestamp="2021-03-07T15:46:33 IST">
  <testcase classname="Mission1.AssertVal" name="validationAs" time="0.182">
    <failure type="java.lang.AssertionError" message="expected [VIEW ALL COURSESes] but found [VIEW ALL COURSES]">
      <![CDATA[java.lang.AssertionError: expected [VIEW ALL COURSESes] but found [VIEW ALL COURSES]
at Mission1.AssertVal.validationAs(AssertVal.java:36)
at java.base/java.util.ArrayList.forEach(ArrayList.java:1511)
at java.base/java.util.concurrent.FutureTask.run(FutureTask.java:264)
at java.base/java.util.concurrent.ThreadPoolExecutor.runWorker(ThreadPoolExecutor.java:1130)
at java.base/java.util.concurrent.ThreadPoolExecutor$Worker.run(ThreadPoolExecutor.java:630)
at java.base/java.lang.Thread.run(Thread.java:832)
... Removed 24 stack frames]]>
    </failure>
  </testcase> <!-- validationAs -->
</testsuite> <!-- Valid1 -->
