<?xml version="1.0" encoding="UTF-8"?>
<testng-results skipped="0" failed="0" ignored="0" total="1" passed="1">
  <reporter-output>
  </reporter-output>
  <suite name="Suite" duration-ms="155770" started-at="2021-03-09T11:21:08 IST" finished-at="2021-03-09T11:23:43 IST">
    <groups>
    </groups>
    <test name="Valid1" duration-ms="155770" started-at="2021-03-09T11:21:08 IST" finished-at="2021-03-09T11:23:43 IST">
      <class name="Mission1.AssertVal">
        <test-method status="PASS" signature="initializeTest()[pri:0, instance:Mission1.AssertVal@4445629]" name="initializeTest" is-config="true" duration-ms="155417" started-at="2021-03-09T11:21:08 IST" finished-at="2021-03-09T11:23:43 IST">
          <reporter-output>
          </reporter-output>
        </test-method> <!-- initializeTest -->
        <test-method status="PASS" signature="validationAs()[pri:0, instance:Mission1.AssertVal@4445629]" name="validationAs" duration-ms="201" started-at="2021-03-09T11:23:43 IST" finished-at="2021-03-09T11:23:43 IST">
          <reporter-output>
          </reporter-output>
        </test-method> <!-- validationAs -->
        <test-method status="PASS" signature="tearDown()[pri:0, instance:Mission1.AssertVal@4445629]" name="tearDown" is-config="true" duration-ms="36" started-at="2021-03-09T11:23:43 IST" finished-at="2021-03-09T11:23:43 IST">
          <reporter-output>
          </reporter-output>
        </test-method> <!-- tearDown -->
      </class> <!-- Mission1.AssertVal -->
    </test> <!-- Valid1 -->
  </suite> <!-- Suite -->
</testng-results>
